C51 COMPILER V9.60.0.0   FLASH                                                             11/16/2024 15:17:13 PAGE 1   


C51 COMPILER V9.60.0.0, COMPILATION OF MODULE FLASH
OBJECT MODULE PLACED IN .\Objects\Flash.obj
COMPILER INVOKED BY: C:\Keil_v5\C51\BIN\C51.EXE Hardware\Flash.c OMF2 OPTIMIZE(9,SPEED) BROWSE INCDIR(.\include;.\StdDri
                    -ver\inc;.\Hardware) DEBUG PRINT(.\Listings\Flash.lst) TABS(2) OBJECT(.\Objects\Flash.obj)

line level    source

   1          #include "cms8s6990.h"
   2          #include "Flash.h"
   3          
   4          //解锁/上锁Flash
   5          void SetFlashState(bit IsUnlocked)
   6            {
   7   1        //禁止中断并解锁flash
   8   1        if(IsUnlocked)
   9   1          {
  10   2          EA=0;
  11   2          _nop_();
  12   2          MLOCK = 0xAA; 
  13   2          }
  14   1        //重新打开中断并锁住Flash
  15   1        else
  16   1          {
  17   2          MLOCK = 0x55;   
  18   2          _nop_();
  19   2          EA=1; //重新启用中断
  20   2          }
  21   1        }
  22            
  23          //读取数据
  24          void Flash_Operation(FlashOperationDef Operation,int ADDR,char *Data)
  25            {
  26   1        if(Operation==Flash_Write)MDATA=*Data; //写入模式下需要写数据 
  27   1        MADRL = ADDR&0xFF;
  28   1        MADRH = (ADDR>>8)&0xFF; //设置地址
  29   1        _nop_();  
  30   1        MCTRL = (unsigned char)Operation; //对数据区进行读取操作
  31   1        _nop_();
  32   1        _nop_();
  33   1        _nop_();
  34   1        _nop_();
  35   1        _nop_();
  36   1        _nop_();
  37   1        while(MCTRL & 0x01); //等待读取结束
  38   1        if(Operation==Flash_Read)*Data=MDATA; //返回数据
  39   1        }


MODULE INFORMATION:   STATIC OVERLAYABLE
   CODE SIZE        =     64    ----
   CONSTANT SIZE    =   ----    ----
   XDATA SIZE       =   ----    ----
   PDATA SIZE       =   ----    ----
   DATA SIZE        =   ----       1
   IDATA SIZE       =   ----    ----
   BIT SIZE         =   ----       1
   EDATA SIZE       =   ----    ----
   HDATA SIZE       =   ----    ----
   XDATA CONST SIZE =   ----    ----
   FAR CONST SIZE   =   ----    ----
END OF MODULE INFORMATION.

C51 COMPILER V9.60.0.0   FLASH                                                             11/16/2024 15:17:13 PAGE 2   


C51 COMPILATION COMPLETE.  0 WARNING(S),  0 ERROR(S)
