C51 COMPILER V9.60.0.0   MAIN                                                              11/16/2024 15:17:13 PAGE 1   


C51 COMPILER V9.60.0.0, COMPILATION OF MODULE MAIN
OBJECT MODULE PLACED IN .\Objects\main.obj
COMPILER INVOKED BY: C:\Keil_v5\C51\BIN\C51.EXE main.c OMF2 OPTIMIZE(9,SPEED) BROWSE INCDIR(.\include;.\StdDriver\inc;.\
                    -Hardware) DEBUG PRINT(.\Listings\main.lst) TABS(2) OBJECT(.\Objects\main.obj)

line level    source

   1          #include "cms8s6990.h"
   2          #include "GPIO.h"
   3          #include "delay.h"
   4          #include "SideKey.h"
   5          #include "LEDMgmt.h"
   6          #include "ADCCfg.h"
   7          #include "PinDefs.h"
   8          #include "OutputChannel.h"
   9          #include "PWMCfg.h"
  10          #include "BattDisplay.h"
  11          #include "ModeControl.h"
  12          #include "Watchdog.h"
  13          #include "TailKey.h"
  14          
  15          //函数声明
  16          void CheckNTCStatus(void);
  17          void SleepMgmt(void);
  18          void DisplayErrorTIMHandler(void);
  19          void ThermalCalcProcess(void);
  20          void OutputFaultDetect(void);
  21          
  22          //主函数
  23          void main()
  24            {
  25   1        //时钟初始化
  26   1        delay_init();  //延时函数初始化
  27   1        SetSystemHBTimer(1);//启用系统心跳8Hz定时器 
  28   1        //初始化外设
  29   1        CheckIfHBTIMIsReady();//检查系统心跳定时器是否已激活
  30   1        LED_Init(); //初始化侧按LED
  31   1        ADC_Init(); //初始化ADC
  32   1        CheckNTCStatus(); //检查NTC状态
  33   1        ModeFSMInit(); //初始化挡位状态机
  34   1        SideKeyInit(); //侧按初始化
  35   1        TailKey_Init(); //尾部初始化
  36   1        PWM_Init(); //启动PWM定时器 
  37   1        OutputChannel_Init(); //启动输出通道  
  38   1        TailMemory_Recall(); //获取尾部上次关机前的挡位
  39   1        OutputChannel_TestRun(); //输出通道试运行
  40   1        DisplayVBattAtStart(); //显示输出电压
  41   1        WDog_Init(); //启动看门狗
  42   1        EnableADCAsync(); //启动ADC的异步模式提高处理速度
  43   1        //主循环  
  44   1        while(1)
  45   1          {
  46   2          //实时处理
  47   2          SystemTelemHandler();//获取电池信息 
  48   2          SideKey_LogicHandler(); //处理侧按事务
  49   2          TailKey_Handler(); //处理尾按事务
  50   2          BatteryTelemHandler(); //处理电池遥测
  51   2          ModeSwitchFSM(); //挡位状态机
  52   2          ThermalCalcProcess(); //温控PI环路计算和过热保护
  53   2          OutputChannel_Calc(); //根据电流进行输出通道控制
  54   2          PWM_OutputCtrlHandler(); //处理PWM输出事务  
C51 COMPILER V9.60.0.0   MAIN                                                              11/16/2024 15:17:13 PAGE 2   

  55   2          //8Hz定时处理
  56   2          if(!SysHBFlag)continue; //时间没到，跳过处理
  57   2          SysHBFlag=0;
  58   2          WDog_Feed(); //喂狗
  59   2          TailKeyCounter(); //计时器
  60   2          BattDisplayTIM(); //电池电量显示TIM
  61   2          ModeFSMTIMHandler(); //模式状态机
  62   2          HoldSwitchGearCmdHandler(); //长按换挡
  63   2          DisplayErrorTIMHandler(); //故障代码显示
  64   2          MoonConfigHandler(); //月光配置功能
  65   2          SleepMgmt(); //休眠管理
  66   2          if(TailKeyTIM>TailKeyRelTime)LEDControlHandler();//侧按指示LED控制函数
  67   2          OutputFaultDetect();//输出故障检测
  68   2          
  69   2          }
  70   1        }
  71          
  72          //GPIO2中断回调处理函数
  73          void Key_IRQHandler(void)  interrupt P2EI_VECTOR 
  74            {
  75   1        //侧按中断触发，响应中断
  76   1        SideKey_Int_Callback();  //进行按键响应
  77   1        P2EXTIF=0;
  78   1        }


MODULE INFORMATION:   STATIC OVERLAYABLE
   CODE SIZE        =    198    ----
   CONSTANT SIZE    =   ----    ----
   XDATA SIZE       =   ----    ----
   PDATA SIZE       =   ----    ----
   DATA SIZE        =   ----    ----
   IDATA SIZE       =   ----    ----
   BIT SIZE         =   ----    ----
   EDATA SIZE       =   ----    ----
   HDATA SIZE       =   ----    ----
   XDATA CONST SIZE =   ----    ----
   FAR CONST SIZE   =   ----    ----
END OF MODULE INFORMATION.


C51 COMPILATION COMPLETE.  0 WARNING(S),  0 ERROR(S)
