C51 COMPILER V9.60.0.0   NTC                                                               11/15/2024 17:07:35 PAGE 1   


C51 COMPILER V9.60.0.0, COMPILATION OF MODULE NTC
OBJECT MODULE PLACED IN .\Objects\NTC.obj
COMPILER INVOKED BY: C:\Keil_v5\C51\BIN\C51.EXE Hardware\NTC.c OMF2 OPTIMIZE(9,SPEED) BROWSE INCDIR(.\include;.\StdDrive
                    -r\inc;.\Hardware) DEBUG PRINT(.\Listings\NTC.lst) TABS(2) OBJECT(.\Objects\NTC.obj)

line level    source

   1          #include <stdbool.h>
   2          
   3          /*-------------------------------------------------------------
   4           This is an automatically generated file by NTC resistor LUT 
   5           generator. DO NOT EDIT UNLESS YOU FULLY UNDERSTAND WHAT THIS
   6           FILE ACTUALLY DOES!
   7           NTC PARAMETER:100.00KΩ @ 25℃ B4250
   8           Table temperature range:-40℃ to 125℃
   9           Total ROM space for table:482 Bytes
  10           Target MCU Architecture:8051 Based MCU
  11          -------------------------------------------------------------*/
  12          
  13          
  14          code unsigned long NTCTableTop[75]={
  15          5319893, 4921449, 4555863, 4220193,   //-40 到 -37 摄氏度
  16          3911778, 3628214, 3367323, 3127136,   //-36 到 -33 摄氏度
  17          2905863, 2701885, 2513729, 2340060,   //-32 到 -29 摄氏度
  18          2179661, 2031429, 1894357, 1767529,   //-28 到 -25 摄氏度
  19          1650110, 1541338, 1440518, 1347015,   //-24 到 -21 摄氏度
  20          1260250, 1179691, 1104854, 1035294,   //-20 到 -17 摄氏度
  21          970604, 910411, 854373, 802176,   //-16 到 -13 摄氏度
  22          753532, 708176, 665863, 626371,   //-12 到 -9 摄氏度
  23          589493, 555039, 522834, 492718,   //-8 到 -5 摄氏度
  24          464541, 438167, 413468, 390328,   //-4 到 -1 摄氏度
  25          368638, 348299, 329218, 311309,   //0 到 3 摄氏度
  26          294493, 278697, 263852, 249895,   //4 到 7 摄氏度
  27          236769, 224417, 212791, 201842,   //8 到 11 摄氏度
  28          191528, 181807, 172643, 163999,   //12 到 15 摄氏度
  29          155843, 148145, 140876, 134011,   //16 到 19 摄氏度
  30          127523, 121390, 115591, 110105,   //20 到 23 摄氏度
  31          104914, 100000, 95346, 90938,   //24 到 27 摄氏度
  32          86762, 82802, 79048, 75487,   //28 到 31 摄氏度
  33          72108, 68901, 65857  };
  34          
  35          code unsigned int NTCTableBottom[91]={
  36          62965, 60218, 57607, 55125,   //35 到 38 摄氏度
  37          52765, 50520, 48384, 46350,   //39 到 42 摄氏度
  38          44415, 42572, 40816, 39143,   //43 到 46 摄氏度
  39          37548, 36027, 34577, 33194,   //47 到 50 摄氏度
  40          31874, 30615, 29412, 28263,   //51 到 54 摄氏度
  41          27166, 26118, 25116, 24159,   //55 到 58 摄氏度
  42          23243, 22367, 21529, 20728,   //59 到 62 摄氏度
  43          19960, 19226, 18522, 17848,   //63 到 66 摄氏度
  44          17203, 16584, 15991, 15422,   //67 到 70 摄氏度
  45          14877, 14354, 13853, 13371,   //71 到 74 摄氏度
  46          12909, 12466, 12040, 11631,   //75 到 78 摄氏度
  47          11238, 10860, 10497, 10148,   //79 到 82 摄氏度
  48          9813, 9491, 9181, 8882,   //83 到 86 摄氏度
  49          8595, 8319, 8053, 7797,   //87 到 90 摄氏度
  50          7550, 7312, 7084, 6863,   //91 到 94 摄氏度
  51          6651, 6446, 6249, 6058,   //95 到 98 摄氏度
  52          5875, 5698, 5527, 5362,   //99 到 102 摄氏度
  53          5203, 5049, 4901, 4758,   //103 到 106 摄氏度
  54          4620, 4486, 4357, 4232,   //107 到 110 摄氏度
C51 COMPILER V9.60.0.0   NTC                                                               11/15/2024 17:07:35 PAGE 2   

  55          4112, 3995, 3883, 3774,   //111 到 114 摄氏度
  56          3669, 3567, 3468, 3373,   //115 到 118 摄氏度
  57          3281, 3192, 3105, 3022,   //119 到 122 摄氏度
  58          2941, 2862, 2787  //123 到 125 摄氏度
  59          };
  60          
  61          //NTC温度换算函数
  62          //传入参数：NTC阻值(Ω),温度是否有效的bool指针输出
  63          //返回参数：温度值(℃)
  64          char CalcNTCTemp(bool *IsNTCOK,unsigned long NTCRes){
  65   1      int i;
  66   1      volatile unsigned long NTCTableValue;
  67   1      //电阻值大于查找表阻值上限，温度异常
  68   1      if(NTCRes>(unsigned long)5319893)
  69   1        {
  70   2        *IsNTCOK=false;
  71   2        return -40;
  72   2        }
  73   1      //电阻值小于查找表阻值的阻值下限，温度异常
  74   1      if(NTCRes<(unsigned long)2787)
  75   1        {
  76   2        *IsNTCOK=false;
  77   2        return 125;
  78   2        }
  79   1      //温度正常，开始查表
  80   1      *IsNTCOK=true;
  81   1      if(NTCRes>(unsigned long)62965)for(i=0;i<75;i++)if(NTCTableTop[i]<=NTCRes)return -40+i;
  82   1      for(i=0;i<91;i++)
  83   1        {
  84   2        NTCTableValue=(unsigned long)NTCTableBottom[i];
  85   2        NTCTableValue&=0xFFFF;
  86   2        if(NTCTableValue<=NTCRes)return 35+i;
  87   2        }
  88   1      //数值查找失败，返回错误值
  89   1      *IsNTCOK=false;
  90   1      return 0;
  91   1      }
  92          


MODULE INFORMATION:   STATIC OVERLAYABLE
   CODE SIZE        =    257    ----
   CONSTANT SIZE    =    482    ----
   XDATA SIZE       =   ----    ----
   PDATA SIZE       =   ----    ----
   DATA SIZE        =   ----      13
   IDATA SIZE       =   ----    ----
   BIT SIZE         =   ----    ----
   EDATA SIZE       =   ----    ----
   HDATA SIZE       =   ----    ----
   XDATA CONST SIZE =   ----    ----
   FAR CONST SIZE   =   ----    ----
END OF MODULE INFORMATION.


C51 COMPILATION COMPLETE.  0 WARNING(S),  0 ERROR(S)
