C51 COMPILER V9.60.0.0   SLEEP                                                             11/15/2024 17:07:36 PAGE 1   


C51 COMPILER V9.60.0.0, COMPILATION OF MODULE SLEEP
OBJECT MODULE PLACED IN .\Objects\Sleep.obj
COMPILER INVOKED BY: C:\Keil_v5\C51\BIN\C51.EXE Logic\Sleep.c OMF2 OPTIMIZE(9,SPEED) BROWSE INCDIR(.\include;.\StdDriver
                    -\inc;.\Hardware) DEBUG PRINT(.\Listings\Sleep.lst) TABS(2) OBJECT(.\Objects\Sleep.obj)

line level    source

   1          #include "cms8s6990.h"
   2          #include "delay.h"
   3          #include "SideKey.h"
   4          #include "PWMCfg.h"
   5          #include "PinDefs.h"
   6          #include "ModeControl.h"
   7          #include "OutputChannel.h"
   8          #include "BattDisplay.h"
   9          #include "ADCCfg.h"
  10          #include "LEDMgmt.h"
  11          #include "Watchdog.h"
  12          #include "TailKey.h"
  13          
  14          //外部引用
  15          extern volatile int SleepTimer;
  16          void CheckNTCStatus(void);
  17          void BatteryTelemHandler(void);
  18          bit IsWakupFromSleep=0; //从睡眠阶段唤醒
  19          
  20          //禁用/启用所有系统外设
  21          void SystemPeripheralCTRL(bit IsEnable)
  22            {
  23   1        if(IsEnable)
  24   1          {
  25   2          LED_Init(); //初始化侧按LED
  26   2          ADC_Init(); //初始化ADC
  27   2          PWM_Init(); //初始化PWM发生器
  28   2          OutputChannel_Init(); //初始化输出通道
  29   2          VshowFSMState=BattVdis_Waiting; //复位为休眠状态
  30   2          WDog_Init(); //启动看门狗
  31   2          TailKey_Init(); //打开比较器
  32   2          return;
  33   2          }
  34   1        //关闭所有外设
  35   1        WDog_DeInit(); //禁止看门狗定时器
  36   1        SetSystemHBTimer(0); //禁用心跳定时器
  37   1        PWM_DeInit();
  38   1        ADC_DeInit(); //关闭PWM和ADC
  39   1        OutputChannel_DeInit(); //关闭输出功能
  40   1        }
  41          
  42          //睡眠管理函数
  43          void SleepMgmt(void)
  44            {
  45   1        int i;
  46   1        //非关机且仍然在显示电池电压的时候定时器复位禁止睡眠
  47   1        if(VshowFSMState!=BattVdis_Waiting||CurrentMode->ModeIdx!=Mode_OFF) 
  48   1          {
  49   2          SleepTimer=8*SleepTimeOut;    
  50   2          return;
  51   2          }
  52   1        //倒计时
  53   1        if(SleepTimer>0)
  54   1          {
C51 COMPILER V9.60.0.0   SLEEP                                                             11/15/2024 17:07:36 PAGE 2   

  55   2          SleepTimer--;
  56   2          return; //时间未到，继续计时
  57   2          }
  58   1        //立即进入睡眠阶段
  59   1        C0CON0=0; //侧按关机后关闭比较器
  60   1        SystemPeripheralCTRL(0);//关闭所有外设
  61   1        STOP();  //令STOP=1，使单片机进入睡眠
  62   1        //系统已唤醒，立即开始检测
  63   1        delay_init();  //延时函数初始化
  64   1        SetSystemHBTimer(1); 
  65   1        MarkAsKeyPressed(); //立即标记按键按下
  66   1        do  
  67   1          {
  68   2          delay_ms(1);
  69   2          SideKey_LogicHandler(); //处理侧按事务
  70   2          }
  71   1        while(!IsKeyEventOccurred()); //等待按键唤醒
  72   1        //系统已被唤醒，立即进入工作模式      
  73   1        SystemPeripheralCTRL(1);
  74   1        //进行ADC检查，如果电池电压过低，则立即再度进入停止模式
  75   1        for(i=0;i<3;i++)
  76   1            {
  77   2            SystemTelemHandler(); //获取电压
  78   2            BatteryTelemHandler(); //电池警报
  79   2            if(!IsBatteryFault)break;
  80   2            }
  81   1        if(i==3)SleepTimer=15;//电池电压过低结束显示后立即关闭
  82   1        //所有初始化完毕，启动ADC异步处理模式
  83   1        EnableADCAsync(); 
  84   1        }


MODULE INFORMATION:   STATIC OVERLAYABLE
   CODE SIZE        =    189    ----
   CONSTANT SIZE    =   ----    ----
   XDATA SIZE       =   ----    ----
   PDATA SIZE       =   ----    ----
   DATA SIZE        =   ----       2
   IDATA SIZE       =   ----    ----
   BIT SIZE         =      1       1
   EDATA SIZE       =   ----    ----
   HDATA SIZE       =   ----    ----
   XDATA CONST SIZE =   ----    ----
   FAR CONST SIZE   =   ----    ----
END OF MODULE INFORMATION.


C51 COMPILATION COMPLETE.  0 WARNING(S),  0 ERROR(S)
