Added Component: Designator=C18(0402_C)
Added Component: Designator=C19(0402_C)
Added Component: Designator=R16(0402_R)
Added Component: Designator=R17(0402_R)
Added Component: Designator=R18(0402_R)
Added Component: Designator=R19(0402_R)
Added Pin To Net: NetName=GND Pin=C18-1
Added Pin To Net: NetName=GND Pin=C19-1
Added Pin To Net: NetName=OP- Pin=R17-2
Added Pin To Net: NetName=GND Pin=R19-1
Added Pin To Net: NetName=NetC18_2 Pin=C18-2
Added Pin To Net: NetName=NetC18_2 Pin=R17-1
Added Pin To Net: NetName=NetC18_2 Pin=R18-2
Added Pin To Net: NetName=NetC18_2 Pin=R19-2
Added Net: Name=NetC18_2
Added Pin To Net: NetName=NetC19_2 Pin=C19-2
Added Pin To Net: NetName=NetC19_2 Pin=R16-2
Added Pin To Net: NetName=NetC19_2 Pin=R18-1
Added Net: Name=NetC19_2
Added Pin To Net: NetName=PWM Pin=R16-1
Added Net: Name=PWM
Added Member To Class: ClassName=main Member=Component C18 10nF (103) 10% 50V
Added Member To Class: ClassName=main Member=Component C19 470nF (474) 10% 10V
Added Member To Class: ClassName=main Member=Component R16 10K次 (1002) ㊣1%
Added Member To Class: ClassName=main Member=Component R17 10K次 (1002) ㊣1%
Added Member To Class: ClassName=main Member=Component R18 100K次 (1003) ㊣1%
Added Member To Class: ClassName=main Member=Component R19 10K次 (1002) ㊣1%
