Added Component: Designator=C16(0402_C)
Added Component: Designator=C17(0603_C)
Added Component: Designator=R?(0402_R)
Added Component: Designator=U?(SOT95P245X110-5N)
Added Pin To Net: NetName=GND Pin=C17-1
Added Pin To Net: NetName=5V Pin=C17-2
Added Pin To Net: NetName=5V Pin=U?-5
Added Net: Name=5V
Added Pin To Net: NetName=NetC16_1 Pin=C16-1
Added Pin To Net: NetName=NetC16_1 Pin=U?-3
Added Pin To Net: NetName=NetC16_1 Pin=U?-4
Added Net: Name=NetC16_1
Added Pin To Net: NetName=VCCS Pin=R?-1
Added Net: Name=VCCS
Added Pin To Net: NetName=VLDO Pin=C16-2
Added Pin To Net: NetName=VLDO Pin=R?-2
Added Pin To Net: NetName=VLDO Pin=U?-1
Added Net: Name=VLDO
Added Member To Class: ClassName=main Member=Component C16 1.0uF (105) 10% 25V
Added Member To Class: ClassName=main Member=Component C17 10uF (106) 10% 10V
Added Member To Class: ClassName=main Member=Component R? 10¦¸ (10R0) ¡À1%
Added Member To Class: ClassName=main Member=Component U? TPS7B6950DBVR
