Removed Pin From Net: NetName=GND Pin=U5-3
Removed Pin From Net: NetName=DSCK Pin=U5-4
Removed Pin From Net: NetName=5V Pin=U5-5
Removed Pin From Net: NetName=VHSG Pin=U5-6
Removed Pin From Net: NetName=DCEN Pin=U5-7
Removed Pin From Net: NetName=VLSG Pin=U5-8
Removed Pin From Net: NetName=PWM Pin=U5-9
Removed Pin From Net: NetName=RPEN Pin=U5-10
Removed Pin From Net: NetName=BATFB Pin=U5-11
Removed Pin From Net: NetName=OUTFB Pin=U5-12
Removed Pin From Net: NetName=DSDA Pin=U5-14
Removed Pin From Net: NetName=GND Pin=U5-21
Removed Member From Class: ClassName=main Member=U6
Change Component Designator: OldDesignator=U6 NewDesignator=U5
Added Pin To Net: NetName=GND Pin=U5-3
Added Pin To Net: NetName=DSCK Pin=U5-4
Added Pin To Net: NetName=5V Pin=U5-5
Added Pin To Net: NetName=VHSG Pin=U5-6
Added Pin To Net: NetName=DCEN Pin=U5-7
Added Pin To Net: NetName=VLSG Pin=U5-8
Added Pin To Net: NetName=PWM Pin=U5-9
Added Pin To Net: NetName=RPEN Pin=U5-10
Added Pin To Net: NetName=BATFB Pin=U5-11
Added Pin To Net: NetName=OUTFB Pin=U5-12
Added Pin To Net: NetName=DSDA Pin=U5-14
Added Pin To Net: NetName=GND Pin=U5-21
