Added Component: Designator=Q4(DFN-8_L3.0-W3.0-P0.65-BL)
Added Component: Designator=Q5(DFN-8_L3.0-W3.0-P0.65-BL)
Added Component: Designator=R8(2512)
Added Pin To Net: NetName=GND Pin=R8-1
Added Pin To Net: NetName=LED- Pin=Q4-5
Added Pin To Net: NetName=LED- Pin=Q4-6
Added Pin To Net: NetName=LED- Pin=Q4-7
Added Pin To Net: NetName=LED- Pin=Q4-8
Added Pin To Net: NetName=LED- Pin=Q4-8
Added Pin To Net: NetName=LED- Pin=Q5-5
Added Pin To Net: NetName=LED- Pin=Q5-6
Added Pin To Net: NetName=LED- Pin=Q5-7
Added Pin To Net: NetName=LED- Pin=Q5-8
Added Pin To Net: NetName=LED- Pin=Q5-8
Added Net: Name=LED-
Added Pin To Net: NetName=VHIGH Pin=Q4-1
Added Pin To Net: NetName=VHIGH Pin=Q4-2
Added Pin To Net: NetName=VHIGH Pin=Q4-3
Added Pin To Net: NetName=VHIGH Pin=Q5-1
Added Pin To Net: NetName=VHIGH Pin=Q5-2
Added Pin To Net: NetName=VHIGH Pin=Q5-3
Added Pin To Net: NetName=VHIGH Pin=R8-2
Added Net: Name=VHIGH
Added Pin To Net: NetName=VHSG Pin=Q4-4
Added Pin To Net: NetName=VHSG Pin=Q5-4
Added Net: Name=VHSG
Added Member To Class: ClassName=main Member=Component Q4 BSZ011NE2LS5
Added Member To Class: ClassName=main Member=Component Q5 BSZ011NE2LS5
Added Member To Class: ClassName=main Member=Component R8 R005
