Added Component: Designator=Q6(DFN-8_L3.0-W3.0-P0.65-BL)
Added Component: Designator=R10(1206R)
Added Component: Designator=R11(0402_R)
Added Pin To Net: NetName=LED- Pin=Q6-5
Added Pin To Net: NetName=LED- Pin=Q6-6
Added Pin To Net: NetName=LED- Pin=Q6-7
Added Pin To Net: NetName=LED- Pin=Q6-8
Added Pin To Net: NetName=LED- Pin=Q6-8
Added Pin To Net: NetName=GND Pin=R10-1
Added Pin To Net: NetName=NetQ6_4 Pin=Q6-4
Added Pin To Net: NetName=NetQ6_4 Pin=R11-1
Added Net: Name=NetQ6_4
Added Pin To Net: NetName=VLOW Pin=Q6-1
Added Pin To Net: NetName=VLOW Pin=Q6-2
Added Pin To Net: NetName=VLOW Pin=Q6-3
Added Pin To Net: NetName=VLOW Pin=R10-2
Added Pin To Net: NetName=VLOW Pin=R11-2
Added Net: Name=VLOW
Added Member To Class: ClassName=main Member=Component Q6 BSZ025N04
Added Member To Class: ClassName=main Member=Component R10 1R0
Added Member To Class: ClassName=main Member=Component R11 10K¦¸ (1002) ¡À1%
