Added Component: Designator=C13(0402_C)
Added Component: Designator=C14(0402_C)
Added Component: Designator=R12(0402_R)
Added Component: Designator=R13(0402_R)
Added Component: Designator=R14(0402_R)
Added Component: Designator=U2(SOT95P245X110-5N)
Added Pin To Net: NetName=DCDCEN Pin=C14-1
Added Pin To Net: NetName=GND Pin=C14-2
Added Pin To Net: NetName=VFB Pin=R13-2
Added Pin To Net: NetName=GND Pin=U2-2
Added Pin To Net: NetName=DCDCEN Pin=U2-5
Added Pin To Net: NetName=NetC13_2 Pin=C13-2
Added Pin To Net: NetName=NetC13_2 Pin=R12-2
Added Pin To Net: NetName=NetC13_2 Pin=R13-1
Added Pin To Net: NetName=NetC13_2 Pin=U2-1
Added Net: Name=NetC13_2
Added Pin To Net: NetName=NetR14_2 Pin=R14-2
Added Pin To Net: NetName=NetR14_2 Pin=U2-3
Added Net: Name=NetR14_2
Added Pin To Net: NetName=OP- Pin=C13-1
Added Pin To Net: NetName=OP- Pin=R12-1
Added Pin To Net: NetName=OP- Pin=U2-4
Added Net: Name=OP-
Added Member To Class: ClassName=main Member=Component C13 100nF (104) 10% 16V
Added Member To Class: ClassName=main Member=Component C14 100nF (104) 10% 16V
Added Member To Class: ClassName=main Member=Component R12 1M¦¸ (1004) ¡À1%
Added Member To Class: ClassName=main Member=Component R13 100K¦¸ (1003) ¡À1%
Added Member To Class: ClassName=main Member=Component R14 10K¦¸ (1002) ¡À1%
Added Member To Class: ClassName=main Member=Component U2 TLV333IDBVR
