C51 COMPILER V9.60.0.0   SLEEP                                                             11/09/2024 20:18:37 PAGE 1   


C51 COMPILER V9.60.0.0, COMPILATION OF MODULE SLEEP
OBJECT MODULE PLACED IN .\Objects\Sleep.obj
COMPILER INVOKED BY: C:\Keil_v5\C51\BIN\C51.EXE Logic\Sleep.c OMF2 OPTIMIZE(9,SPEED) BROWSE INCDIR(.\include;.\StdDriver
                    -\inc;.\Hardware) DEBUG PRINT(.\Listings\Sleep.lst) TABS(2) OBJECT(.\Objects\Sleep.obj)

line level    source

   1          #include "cms8s6990.h"
   2          #include "delay.h"
   3          #include "SideKey.h"
   4          #include "PWMCfg.h"
   5          #include "PinDefs.h"
   6          #include "ModeControl.h"
   7          #include "OutputChannel.h"
   8          #include "BattDisplay.h"
   9          #include "ADCCfg.h"
  10          #include "LEDMgmt.h"
  11          #include "Watchdog.h"
  12          
  13          //外部引用
  14          extern volatile int SleepTimer;
  15          void CheckNTCStatus(void);
  16          void BatteryTelemHandler(void);
  17          bit IsWakupFromSleep=0; //从睡眠阶段唤醒
  18          
  19          //禁用/启用所有系统外设
  20          static void SystemPeripheralCTRL(bit IsEnable)
  21            {
  22   1        if(IsEnable)
  23   1          {
  24   2          LED_Init(); //初始化侧按LED
  25   2          ADC_Init(); //初始化ADC
  26   2          PWM_Init(); //初始化PWM发生器
  27   2          OutputChannel_Init(); //初始化输出通道
  28   2          VshowFSMState=BattVdis_Waiting; //复位为休眠状态
  29   2          WDog_Init(); //启动看门狗
  30   2          return;
  31   2          }
  32   1        //关闭所有外设
  33   1        WDog_DeInit(); //禁止看门狗定时器
  34   1        SetSystemHBTimer(0); //禁用心跳定时器
  35   1        PWM_DeInit();
  36   1        ADC_DeInit(); //关闭PWM和ADC
  37   1        OutputChannel_DeInit(); //关闭输出功能
  38   1        }
  39          
  40          //睡眠管理函数
  41          void SleepMgmt(void)
  42            {
  43   1        int i;
  44   1        //非关机且仍然在显示电池电压的时候定时器复位禁止睡眠
  45   1        if(VshowFSMState!=BattVdis_Waiting||CurrentMode->ModeIdx!=Mode_OFF) 
  46   1          {
  47   2          SleepTimer=8*SleepTimeOut;    
  48   2          return;
  49   2          }
  50   1        //倒计时
  51   1        if(SleepTimer>0)
  52   1          {
  53   2          SleepTimer--;
  54   2          return; //时间未到，继续计时
C51 COMPILER V9.60.0.0   SLEEP                                                             11/09/2024 20:18:37 PAGE 2   

  55   2          }
  56   1        //立即进入睡眠阶段
  57   1        SystemPeripheralCTRL(0);//关闭所有外设
  58   1        STOP();  //令STOP=1，使单片机进入睡眠
  59   1        //系统已唤醒，立即开始检测
  60   1        delay_init();  //延时函数初始化
  61   1        SetSystemHBTimer(1); 
  62   1        MarkAsKeyPressed(); //立即标记按键按下
  63   1        do  
  64   1          {
  65   2          delay_ms(1);
  66   2          SideKey_LogicHandler(); //处理侧按事务
  67   2          }
  68   1        while(!IsKeyEventOccurred()); //等待按键唤醒
  69   1        //系统已被唤醒，立即进入工作模式      
  70   1        SystemPeripheralCTRL(1);
  71   1        //进行ADC检查，如果电池电压过低，则立即再度进入停止模式
  72   1        for(i=0;i<3;i++)
  73   1            {
  74   2            SystemTelemHandler(); //获取电压
  75   2            BatteryTelemHandler(); //电池警报
  76   2            if(!IsBatteryFault)break;
  77   2            }
  78   1        if(i==3)SleepTimer=15;//电池电压过低结束显示后立即关闭
  79   1        //所有初始化完毕，启动ADC异步处理模式
  80   1        EnableADCAsync(); 
  81   1        }


MODULE INFORMATION:   STATIC OVERLAYABLE
   CODE SIZE        =    181    ----
   CONSTANT SIZE    =   ----    ----
   XDATA SIZE       =   ----    ----
   PDATA SIZE       =   ----    ----
   DATA SIZE        =   ----       2
   IDATA SIZE       =   ----    ----
   BIT SIZE         =      1       1
   EDATA SIZE       =   ----    ----
   HDATA SIZE       =   ----    ----
   XDATA CONST SIZE =   ----    ----
   FAR CONST SIZE   =   ----    ----
END OF MODULE INFORMATION.


C51 COMPILATION COMPLETE.  0 WARNING(S),  0 ERROR(S)
